<?xml version="1.0" encoding="UTF-8"?>
<testng-results skipped="0" failed="0" ignored="0" total="1" passed="1">
  <reporter-output>
    <line>
      <![CDATA[Page loaded and title is: Meet Guru99 - Free Training Tutorials & Video for IT Courses]]>
    </line>
    <line>
      <![CDATA[Links in page is : 82]]>
    </line>
    <line>
      <![CDATA[Links detai;s : [test1.test1.InputData@85a5c9, test1.test1.InputData@1397e87, test1.test1.InputData@def543, test1.test1.InputData@7dc23, test1.test1.InputData@1859fc7, test1.test1.InputData@19e14f6, test1.test1.InputData@ab976b, test1.test1.InputData@5da799, test1.test1.InputData@10d6bf2, test1.test1.InputData@15e3c1, test1.test1.InputData@c92d27, test1.test1.InputData@1c52b08, test1.test1.InputData@1578779, test1.test1.InputData@797a39, test1.test1.InputData@1d6d6c4, test1.test1.InputData@149389d, test1.test1.InputData@7203c2, test1.test1.InputData@1df0bc7, test1.test1.InputData@c88fce, test1.test1.InputData@cfce5a, test1.test1.InputData@a7bc12, test1.test1.InputData@14f03f2, test1.test1.InputData@15b4aea, test1.test1.InputData@1f4fdc5, test1.test1.InputData@e680c5, test1.test1.InputData@1cf5f38, test1.test1.InputData@ba5a71, test1.test1.InputData@b689f6, test1.test1.InputData@86dfcd, test1.test1.InputData@157723a, test1.test1.InputData@108d133, test1.test1.InputData@1b70f9d, test1.test1.InputData@1dbd651, test1.test1.InputData@163a6f2, test1.test1.InputData@577564, test1.test1.InputData@1915454, test1.test1.InputData@876fa9, test1.test1.InputData@110e7d, test1.test1.InputData@13cbc0e, test1.test1.InputData@e27ac9, test1.test1.InputData@13bbb9b, test1.test1.InputData@10b27a7, test1.test1.InputData@1392584, test1.test1.InputData@f82c58, test1.test1.InputData@7b93f, test1.test1.InputData@ff8207, test1.test1.InputData@5a99d9, test1.test1.InputData@18df226, test1.test1.InputData@ea69a9, test1.test1.InputData@a33dc9, test1.test1.InputData@9ed55, test1.test1.InputData@dd2170, test1.test1.InputData@127ac23, test1.test1.InputData@db94fb, test1.test1.InputData@161a4b0, test1.test1.InputData@de0d, test1.test1.InputData@78371a, test1.test1.InputData@6a1be2, test1.test1.InputData@486afb, test1.test1.InputData@623109, test1.test1.InputData@18110f8, test1.test1.InputData@1e8ac61, test1.test1.InputData@5e18d5, test1.test1.InputData@195876e, test1.test1.InputData@8859b4, test1.test1.InputData@897de0, test1.test1.InputData@874f54, test1.test1.InputData@1c21edd, test1.test1.InputData@199b7e8, test1.test1.InputData@62bac6, test1.test1.InputData@e5ad71, test1.test1.InputData@16a6506, test1.test1.InputData@134a934, test1.test1.InputData@bd855e, test1.test1.InputData@14c3b9d, test1.test1.InputData@1b436a7, test1.test1.InputData@1fd4fac, test1.test1.InputData@12aa638, test1.test1.InputData@108e6d3, test1.test1.InputData@1c1fc9b, test1.test1.InputData@f65fe0, test1.test1.InputData@a538a0]]]>
    </line>
    <line>
      <![CDATA[In Excel Operatiob Initiate method]]>
    </line>
    <line>
      <![CDATA[Writing data in 1 row and 1st column ashttps://www.guru99.com/software-testing.html]]>
    </line>
    <line>
      <![CDATA[Writing data in 2 row and 1st column ashttps://www.guru99.com/quick-test-professional-qtp-tutorial.html]]>
    </line>
    <line>
      <![CDATA[Writing data in 3 row and 1st column ashttps://www.guru99.com/selenium-tutorial.html]]>
    </line>
    <line>
      <![CDATA[Writing data in 4 row and 1st column ashttps://www.guru99.com/mobile-testing.html]]>
    </line>
    <line>
      <![CDATA[Writing data in 5 row and 1st column ashttps://www.guru99.com/cucumber-tutorials.html]]>
    </line>
    <line>
      <![CDATA[Writing data in 6 row and 1st column ashttps://www.guru99.com/soapui-tutorial.html]]>
    </line>
    <line>
      <![CDATA[Writing data in 7 row and 1st column ashttps://www.guru99.com/agile-testing-course.html]]>
    </line>
    <line>
      <![CDATA[Writing data in 8 row and 1st column ashttps://www.guru99.com/junit-tutorial.html]]>
    </line>
    <line>
      <![CDATA[Writing data in 9 row and 1st column ashttps://www.guru99.com/live-testing-project.html]]>
    </line>
    <line>
      <![CDATA[Writing data in 10 row and 1st column ashttps://www.guru99.com/live-selenium-project.html]]>
    </line>
    <line>
      <![CDATA[Writing data in 11 row and 1st column ashttps://www.guru99.com/live-ecommerce-project.html]]>
    </line>
    <line>
      <![CDATA[Writing data in 12 row and 1st column ashttps://www.guru99.com/live-uft-testing.html]]>
    </line>
    <line>
      <![CDATA[Writing data in 13 row and 1st column ashttps://www.guru99.com/live-interactive-exercise-hp-alm.html]]>
    </line>
    <line>
      <![CDATA[Writing data in 14 row and 1st column ashttps://www.guru99.com/live-mobile-testing-project.html]]>
    </line>
    <line>
      <![CDATA[Writing data in 15 row and 1st column ashttps://www.guru99.com/live-penetration-testing-project.html]]>
    </line>
    <line>
      <![CDATA[Writing data in 16 row and 1st column ashttps://www.guru99.com/live-php-project-learn-complete-web-development-cycle.html]]>
    </line>
    <line>
      <![CDATA[Writing data in 17 row and 1st column ashttps://www.guru99.com/live-agile-testing-project.html]]>
    </line>
    <line>
      <![CDATA[Writing data in 18 row and 1st column ashttps://www.guru99.com/live-insurance-testing-project.html]]>
    </line>
    <line>
      <![CDATA[Writing data in 19 row and 1st column ashttps://www.guru99.com/live-payment-gateway-project.html]]>
    </line>
    <line>
      <![CDATA[Writing data in 20 row and 1st column ashttps://www.guru99.com/live-telecom-project.html]]>
    </line>
    <line>
      <![CDATA[Writing data in 21 row and 1st column ashttps://www.guru99.com/jmeter-tutorials.html]]>
    </line>
    <line>
      <![CDATA[Writing data in 22 row and 1st column ashttps://www.guru99.com/loadrunner-v12-tutorials.html]]>
    </line>
    <line>
      <![CDATA[Writing data in 23 row and 1st column ashttps://www.guru99.com/what-is-sap.html]]>
    </line>
    <line>
      <![CDATA[Writing data in 24 row and 1st column ashttps://www.guru99.com/abap-tutorial.html]]>
    </line>
    <line>
      <![CDATA[Writing data in 25 row and 1st column ashttps://www.guru99.com/sap-hcm.html]]>
    </line>
    <line>
      <![CDATA[Writing data in 26 row and 1st column ashttps://www.guru99.com/sap-fico-training-tutorials.html]]>
    </line>
    <line>
      <![CDATA[Writing data in 27 row and 1st column ashttps://www.guru99.com/sap-basis-training-tutorials.html]]>
    </line>
    <line>
      <![CDATA[Writing data in 28 row and 1st column ashttps://www.guru99.com/free-sap-sd-training-course.html]]>
    </line>
    <line>
      <![CDATA[Writing data in 29 row and 1st column ashttps://www.guru99.com/sap-crm-training.html]]>
    </line>
    <line>
      <![CDATA[Writing data in 30 row and 1st column ashttps://www.guru99.com/sap-mm-training-tutorials.html]]>
    </line>
    <line>
      <![CDATA[Writing data in 31 row and 1st column ashttps://www.guru99.com/co-tutorials.html]]>
    </line>
    <line>
      <![CDATA[Writing data in 32 row and 1st column ashttps://www.guru99.com/sap-payroll.html]]>
    </line>
    <line>
      <![CDATA[Writing data in 33 row and 1st column ashttps://www.guru99.com/sap-bi.html]]>
    </line>
    <line>
      <![CDATA[Writing data in 34 row and 1st column ashttps://www.guru99.com/sap-pp-tutorials.html]]>
    </line>
    <line>
      <![CDATA[Writing data in 35 row and 1st column ashttps://www.guru99.com/sap-quality-management-qm-tutorial.html]]>
    </line>
    <line>
      <![CDATA[Writing data in 36 row and 1st column ashttps://www.guru99.com/sap-hana-tutorial.html]]>
    </line>
    <line>
      <![CDATA[Writing data in 37 row and 1st column ashttps://www.guru99.com/bugzilla-tutorial-for-beginners.html]]>
    </line>
    <line>
      <![CDATA[Writing data in 38 row and 1st column ashttps://www.guru99.com/jira-tutorial-a-complete-guide-for-beginners.html]]>
    </line>
    <line>
      <![CDATA[Writing data in 39 row and 1st column ashttps://www.guru99.com/mantis-bug-tracker-tutorial.html]]>
    </line>
    <line>
      <![CDATA[Writing data in 40 row and 1st column ashttps://www.guru99.com/utlimate-guide-etl-datawarehouse-testing.html]]>
    </line>
    <line>
      <![CDATA[Writing data in 41 row and 1st column ashttps://www.guru99.com/learn-sap-testing-create-your-first-sap-test-case.html]]>
    </line>
    <line>
      <![CDATA[Writing data in 42 row and 1st column ashttps://www.guru99.com/data-testing.html]]>
    </line>
    <line>
      <![CDATA[Writing data in 43 row and 1st column ashttps://www.guru99.com/java-tutorial.html]]>
    </line>
    <line>
      <![CDATA[Writing data in 44 row and 1st column ashttps://www.guru99.com/sql.html]]>
    </line>
    <line>
      <![CDATA[Writing data in 45 row and 1st column ashttps://www.guru99.com/pl-sql-tutorials.html]]>
    </line>
    <line>
      <![CDATA[Writing data in 46 row and 1st column ashttps://www.guru99.com/vbscript-tutorials-for-beginners.html]]>
    </line>
    <line>
      <![CDATA[Writing data in 47 row and 1st column ashttps://www.guru99.com/python-tutorials.html]]>
    </line>
    <line>
      <![CDATA[Writing data in 48 row and 1st column ashttps://www.guru99.com/perl-tutorials.html]]>
    </line>
    <line>
      <![CDATA[Writing data in 49 row and 1st column ashttps://www.guru99.com/unix-linux-tutorial.html]]>
    </line>
    <line>
      <![CDATA[Writing data in 50 row and 1st column ashttps://www.guru99.com/interactive-javascript-tutorials.html]]>
    </line>
    <line>
      <![CDATA[Writing data in 51 row and 1st column ashttps://www.guru99.com/apache.html]]>
    </line>
    <line>
      <![CDATA[Writing data in 52 row and 1st column ashttps://www.guru99.com/php-tutorials.html]]>
    </line>
    <line>
      <![CDATA[Writing data in 53 row and 1st column ashttps://www.guru99.com/angularjs-tutorial.html]]>
    </line>
    <line>
      <![CDATA[Writing data in 54 row and 1st column ashttps://www.guru99.com/node-js-tutorial.html]]>
    </line>
    <line>
      <![CDATA[Writing data in 55 row and 1st column ashttps://www.guru99.com/jsp-tutorial.html]]>
    </line>
    <line>
      <![CDATA[Writing data in 56 row and 1st column ashttps://www.guru99.com/sqlite-tutorial.html]]>
    </line>
    <line>
      <![CDATA[Writing data in 57 row and 1st column ashttps://www.guru99.com/web-services-tutorial.html]]>
    </line>
    <line>
      <![CDATA[Writing data in 58 row and 1st column ashttps://www.guru99.com/c-tutorial.html]]>
    </line>
    <line>
      <![CDATA[Writing data in 59 row and 1st column ashttps://www.guru99.com/asp-net-tutorial.html]]>
    </line>
    <line>
      <![CDATA[Writing data in 60 row and 1st column ashttps://www.guru99.com/hp-alm-free-tutorial.html]]>
    </line>
    <line>
      <![CDATA[Writing data in 61 row and 1st column ashttps://www.guru99.com/test-management.html]]>
    </line>
    <line>
      <![CDATA[Writing data in 62 row and 1st column ashttps://www.guru99.com/testlink-tutorial-complete-guide.html]]>
    </line>
    <line>
      <![CDATA[Writing data in 63 row and 1st column ashttps://www.guru99.com/excel-tutorials.html]]>
    </line>
    <line>
      <![CDATA[Writing data in 64 row and 1st column ashttps://www.guru99.com/accounting.html]]>
    </line>
    <line>
      <![CDATA[Writing data in 65 row and 1st column ashttps://www.guru99.com/ethical-hacking-tutorials.html]]>
    </line>
    <line>
      <![CDATA[Writing data in 66 row and 1st column ashttps://www.guru99.com/cloud-computing-for-beginners.html]]>
    </line>
    <line>
      <![CDATA[Writing data in 67 row and 1st column ashttps://www.guru99.com/photoshop-tutorials.html]]>
    </line>
    <line>
      <![CDATA[Writing data in 68 row and 1st column ashttps://www.guru99.com/bigdata-tutorials.html]]>
    </line>
    <line>
      <![CDATA[Writing data in 69 row and 1st column ashttps://www.guru99.com/free-digital-marketing-tutorial.html]]>
    </line>
    <line>
      <![CDATA[Writing data in 70 row and 1st column ashttps://www.guru99.com/business-analyst-tutorial-course.html]]>
    </line>
    <line>
      <![CDATA[Writing data in 71 row and 1st column ashttps://www.guru99.com/informatica-tutorials.html]]>
    </line>
    <line>
      <![CDATA[Writing data in 72 row and 1st column ashttps://www.guru99.com/project-management-methodology.html]]>
    </line>
    <line>
      <![CDATA[Writing data in 73 row and 1st column ashttps://www.guru99.com/hbase-tutorials.html]]>
    </line>
    <line>
      <![CDATA[Writing data in 74 row and 1st column ashttps://www.guru99.com/mongodb-tutorials.html]]>
    </line>
    <line>
      <![CDATA[Writing data in 75 row and 1st column ashttps://www.guru99.com/hive-tutorials.html]]>
    </line>
    <line>
      <![CDATA[Writing data in 76 row and 1st column ashttps://www.guru99.com/cassandra-tutorial.html]]>
    </line>
    <line>
      <![CDATA[Writing data in 77 row and 1st column ashttps://www.guru99.com/pmp-tutorial.html]]>
    </line>
    <line>
      <![CDATA[Writing data in 78 row and 1st column ashttps://www.guru99.com/mis-tutorial.html]]>
    </line>
    <line>
      <![CDATA[Writing data in 79 row and 1st column ashttps://www.guru99.com/vba-tutorial.html]]>
    </line>
    <line>
      <![CDATA[Writing data in 80 row and 1st column ashttps://www.guru99.com/introduction-ccna.html]]>
    </line>
    <line>
      <![CDATA[Writing data in 81 row and 1st column ashttps://www.guru99.com/aws-tutorial.html]]>
    </line>
    <line>
      <![CDATA[Writing data in 82 row and 1st column ashttps://www.guru99.com/blog/]]>
    </line>
    <line>
      <![CDATA[Excel writing completed]]>
    </line>
    <line>
      <![CDATA[closing browser]]>
    </line>
  </reporter-output>
  <suite name="Default suite" duration-ms="47747" started-at="2018-08-31T10:21:16Z" finished-at="2018-08-31T10:22:04Z">
    <groups>
    </groups>
    <test name="Default test" duration-ms="47747" started-at="2018-08-31T10:21:16Z" finished-at="2018-08-31T10:22:04Z">
      <class name="test1.test1.App">
        <test-method status="PASS" signature="initializeDriver()[pri:0, instance:test1.test1.App@720b71]" name="initializeDriver" is-config="true" duration-ms="8849" started-at="2018-08-31T10:21:16Z" finished-at="2018-08-31T10:21:25Z">
          <reporter-output>
          </reporter-output>
        </test-method> <!-- initializeDriver -->
        <test-method status="PASS" signature="openPage()[pri:0, instance:test1.test1.App@720b71]" name="openPage" duration-ms="37793" started-at="2018-08-31T10:21:25Z" finished-at="2018-08-31T10:22:02Z">
          <reporter-output>
            <line>
              <![CDATA[Page loaded and title is: Meet Guru99 - Free Training Tutorials & Video for IT Courses]]>
            </line>
            <line>
              <![CDATA[Links in page is : 82]]>
            </line>
            <line>
              <![CDATA[Links detai;s : [test1.test1.InputData@85a5c9, test1.test1.InputData@1397e87, test1.test1.InputData@def543, test1.test1.InputData@7dc23, test1.test1.InputData@1859fc7, test1.test1.InputData@19e14f6, test1.test1.InputData@ab976b, test1.test1.InputData@5da799, test1.test1.InputData@10d6bf2, test1.test1.InputData@15e3c1, test1.test1.InputData@c92d27, test1.test1.InputData@1c52b08, test1.test1.InputData@1578779, test1.test1.InputData@797a39, test1.test1.InputData@1d6d6c4, test1.test1.InputData@149389d, test1.test1.InputData@7203c2, test1.test1.InputData@1df0bc7, test1.test1.InputData@c88fce, test1.test1.InputData@cfce5a, test1.test1.InputData@a7bc12, test1.test1.InputData@14f03f2, test1.test1.InputData@15b4aea, test1.test1.InputData@1f4fdc5, test1.test1.InputData@e680c5, test1.test1.InputData@1cf5f38, test1.test1.InputData@ba5a71, test1.test1.InputData@b689f6, test1.test1.InputData@86dfcd, test1.test1.InputData@157723a, test1.test1.InputData@108d133, test1.test1.InputData@1b70f9d, test1.test1.InputData@1dbd651, test1.test1.InputData@163a6f2, test1.test1.InputData@577564, test1.test1.InputData@1915454, test1.test1.InputData@876fa9, test1.test1.InputData@110e7d, test1.test1.InputData@13cbc0e, test1.test1.InputData@e27ac9, test1.test1.InputData@13bbb9b, test1.test1.InputData@10b27a7, test1.test1.InputData@1392584, test1.test1.InputData@f82c58, test1.test1.InputData@7b93f, test1.test1.InputData@ff8207, test1.test1.InputData@5a99d9, test1.test1.InputData@18df226, test1.test1.InputData@ea69a9, test1.test1.InputData@a33dc9, test1.test1.InputData@9ed55, test1.test1.InputData@dd2170, test1.test1.InputData@127ac23, test1.test1.InputData@db94fb, test1.test1.InputData@161a4b0, test1.test1.InputData@de0d, test1.test1.InputData@78371a, test1.test1.InputData@6a1be2, test1.test1.InputData@486afb, test1.test1.InputData@623109, test1.test1.InputData@18110f8, test1.test1.InputData@1e8ac61, test1.test1.InputData@5e18d5, test1.test1.InputData@195876e, test1.test1.InputData@8859b4, test1.test1.InputData@897de0, test1.test1.InputData@874f54, test1.test1.InputData@1c21edd, test1.test1.InputData@199b7e8, test1.test1.InputData@62bac6, test1.test1.InputData@e5ad71, test1.test1.InputData@16a6506, test1.test1.InputData@134a934, test1.test1.InputData@bd855e, test1.test1.InputData@14c3b9d, test1.test1.InputData@1b436a7, test1.test1.InputData@1fd4fac, test1.test1.InputData@12aa638, test1.test1.InputData@108e6d3, test1.test1.InputData@1c1fc9b, test1.test1.InputData@f65fe0, test1.test1.InputData@a538a0]]]>
            </line>
            <line>
              <![CDATA[In Excel Operatiob Initiate method]]>
            </line>
            <line>
              <![CDATA[Writing data in 1 row and 1st column ashttps://www.guru99.com/software-testing.html]]>
            </line>
            <line>
              <![CDATA[Writing data in 2 row and 1st column ashttps://www.guru99.com/quick-test-professional-qtp-tutorial.html]]>
            </line>
            <line>
              <![CDATA[Writing data in 3 row and 1st column ashttps://www.guru99.com/selenium-tutorial.html]]>
            </line>
            <line>
              <![CDATA[Writing data in 4 row and 1st column ashttps://www.guru99.com/mobile-testing.html]]>
            </line>
            <line>
              <![CDATA[Writing data in 5 row and 1st column ashttps://www.guru99.com/cucumber-tutorials.html]]>
            </line>
            <line>
              <![CDATA[Writing data in 6 row and 1st column ashttps://www.guru99.com/soapui-tutorial.html]]>
            </line>
            <line>
              <![CDATA[Writing data in 7 row and 1st column ashttps://www.guru99.com/agile-testing-course.html]]>
            </line>
            <line>
              <![CDATA[Writing data in 8 row and 1st column ashttps://www.guru99.com/junit-tutorial.html]]>
            </line>
            <line>
              <![CDATA[Writing data in 9 row and 1st column ashttps://www.guru99.com/live-testing-project.html]]>
            </line>
            <line>
              <![CDATA[Writing data in 10 row and 1st column ashttps://www.guru99.com/live-selenium-project.html]]>
            </line>
            <line>
              <![CDATA[Writing data in 11 row and 1st column ashttps://www.guru99.com/live-ecommerce-project.html]]>
            </line>
            <line>
              <![CDATA[Writing data in 12 row and 1st column ashttps://www.guru99.com/live-uft-testing.html]]>
            </line>
            <line>
              <![CDATA[Writing data in 13 row and 1st column ashttps://www.guru99.com/live-interactive-exercise-hp-alm.html]]>
            </line>
            <line>
              <![CDATA[Writing data in 14 row and 1st column ashttps://www.guru99.com/live-mobile-testing-project.html]]>
            </line>
            <line>
              <![CDATA[Writing data in 15 row and 1st column ashttps://www.guru99.com/live-penetration-testing-project.html]]>
            </line>
            <line>
              <![CDATA[Writing data in 16 row and 1st column ashttps://www.guru99.com/live-php-project-learn-complete-web-development-cycle.html]]>
            </line>
            <line>
              <![CDATA[Writing data in 17 row and 1st column ashttps://www.guru99.com/live-agile-testing-project.html]]>
            </line>
            <line>
              <![CDATA[Writing data in 18 row and 1st column ashttps://www.guru99.com/live-insurance-testing-project.html]]>
            </line>
            <line>
              <![CDATA[Writing data in 19 row and 1st column ashttps://www.guru99.com/live-payment-gateway-project.html]]>
            </line>
            <line>
              <![CDATA[Writing data in 20 row and 1st column ashttps://www.guru99.com/live-telecom-project.html]]>
            </line>
            <line>
              <![CDATA[Writing data in 21 row and 1st column ashttps://www.guru99.com/jmeter-tutorials.html]]>
            </line>
            <line>
              <![CDATA[Writing data in 22 row and 1st column ashttps://www.guru99.com/loadrunner-v12-tutorials.html]]>
            </line>
            <line>
              <![CDATA[Writing data in 23 row and 1st column ashttps://www.guru99.com/what-is-sap.html]]>
            </line>
            <line>
              <![CDATA[Writing data in 24 row and 1st column ashttps://www.guru99.com/abap-tutorial.html]]>
            </line>
            <line>
              <![CDATA[Writing data in 25 row and 1st column ashttps://www.guru99.com/sap-hcm.html]]>
            </line>
            <line>
              <![CDATA[Writing data in 26 row and 1st column ashttps://www.guru99.com/sap-fico-training-tutorials.html]]>
            </line>
            <line>
              <![CDATA[Writing data in 27 row and 1st column ashttps://www.guru99.com/sap-basis-training-tutorials.html]]>
            </line>
            <line>
              <![CDATA[Writing data in 28 row and 1st column ashttps://www.guru99.com/free-sap-sd-training-course.html]]>
            </line>
            <line>
              <![CDATA[Writing data in 29 row and 1st column ashttps://www.guru99.com/sap-crm-training.html]]>
            </line>
            <line>
              <![CDATA[Writing data in 30 row and 1st column ashttps://www.guru99.com/sap-mm-training-tutorials.html]]>
            </line>
            <line>
              <![CDATA[Writing data in 31 row and 1st column ashttps://www.guru99.com/co-tutorials.html]]>
            </line>
            <line>
              <![CDATA[Writing data in 32 row and 1st column ashttps://www.guru99.com/sap-payroll.html]]>
            </line>
            <line>
              <![CDATA[Writing data in 33 row and 1st column ashttps://www.guru99.com/sap-bi.html]]>
            </line>
            <line>
              <![CDATA[Writing data in 34 row and 1st column ashttps://www.guru99.com/sap-pp-tutorials.html]]>
            </line>
            <line>
              <![CDATA[Writing data in 35 row and 1st column ashttps://www.guru99.com/sap-quality-management-qm-tutorial.html]]>
            </line>
            <line>
              <![CDATA[Writing data in 36 row and 1st column ashttps://www.guru99.com/sap-hana-tutorial.html]]>
            </line>
            <line>
              <![CDATA[Writing data in 37 row and 1st column ashttps://www.guru99.com/bugzilla-tutorial-for-beginners.html]]>
            </line>
            <line>
              <![CDATA[Writing data in 38 row and 1st column ashttps://www.guru99.com/jira-tutorial-a-complete-guide-for-beginners.html]]>
            </line>
            <line>
              <![CDATA[Writing data in 39 row and 1st column ashttps://www.guru99.com/mantis-bug-tracker-tutorial.html]]>
            </line>
            <line>
              <![CDATA[Writing data in 40 row and 1st column ashttps://www.guru99.com/utlimate-guide-etl-datawarehouse-testing.html]]>
            </line>
            <line>
              <![CDATA[Writing data in 41 row and 1st column ashttps://www.guru99.com/learn-sap-testing-create-your-first-sap-test-case.html]]>
            </line>
            <line>
              <![CDATA[Writing data in 42 row and 1st column ashttps://www.guru99.com/data-testing.html]]>
            </line>
            <line>
              <![CDATA[Writing data in 43 row and 1st column ashttps://www.guru99.com/java-tutorial.html]]>
            </line>
            <line>
              <![CDATA[Writing data in 44 row and 1st column ashttps://www.guru99.com/sql.html]]>
            </line>
            <line>
              <![CDATA[Writing data in 45 row and 1st column ashttps://www.guru99.com/pl-sql-tutorials.html]]>
            </line>
            <line>
              <![CDATA[Writing data in 46 row and 1st column ashttps://www.guru99.com/vbscript-tutorials-for-beginners.html]]>
            </line>
            <line>
              <![CDATA[Writing data in 47 row and 1st column ashttps://www.guru99.com/python-tutorials.html]]>
            </line>
            <line>
              <![CDATA[Writing data in 48 row and 1st column ashttps://www.guru99.com/perl-tutorials.html]]>
            </line>
            <line>
              <![CDATA[Writing data in 49 row and 1st column ashttps://www.guru99.com/unix-linux-tutorial.html]]>
            </line>
            <line>
              <![CDATA[Writing data in 50 row and 1st column ashttps://www.guru99.com/interactive-javascript-tutorials.html]]>
            </line>
            <line>
              <![CDATA[Writing data in 51 row and 1st column ashttps://www.guru99.com/apache.html]]>
            </line>
            <line>
              <![CDATA[Writing data in 52 row and 1st column ashttps://www.guru99.com/php-tutorials.html]]>
            </line>
            <line>
              <![CDATA[Writing data in 53 row and 1st column ashttps://www.guru99.com/angularjs-tutorial.html]]>
            </line>
            <line>
              <![CDATA[Writing data in 54 row and 1st column ashttps://www.guru99.com/node-js-tutorial.html]]>
            </line>
            <line>
              <![CDATA[Writing data in 55 row and 1st column ashttps://www.guru99.com/jsp-tutorial.html]]>
            </line>
            <line>
              <![CDATA[Writing data in 56 row and 1st column ashttps://www.guru99.com/sqlite-tutorial.html]]>
            </line>
            <line>
              <![CDATA[Writing data in 57 row and 1st column ashttps://www.guru99.com/web-services-tutorial.html]]>
            </line>
            <line>
              <![CDATA[Writing data in 58 row and 1st column ashttps://www.guru99.com/c-tutorial.html]]>
            </line>
            <line>
              <![CDATA[Writing data in 59 row and 1st column ashttps://www.guru99.com/asp-net-tutorial.html]]>
            </line>
            <line>
              <![CDATA[Writing data in 60 row and 1st column ashttps://www.guru99.com/hp-alm-free-tutorial.html]]>
            </line>
            <line>
              <![CDATA[Writing data in 61 row and 1st column ashttps://www.guru99.com/test-management.html]]>
            </line>
            <line>
              <![CDATA[Writing data in 62 row and 1st column ashttps://www.guru99.com/testlink-tutorial-complete-guide.html]]>
            </line>
            <line>
              <![CDATA[Writing data in 63 row and 1st column ashttps://www.guru99.com/excel-tutorials.html]]>
            </line>
            <line>
              <![CDATA[Writing data in 64 row and 1st column ashttps://www.guru99.com/accounting.html]]>
            </line>
            <line>
              <![CDATA[Writing data in 65 row and 1st column ashttps://www.guru99.com/ethical-hacking-tutorials.html]]>
            </line>
            <line>
              <![CDATA[Writing data in 66 row and 1st column ashttps://www.guru99.com/cloud-computing-for-beginners.html]]>
            </line>
            <line>
              <![CDATA[Writing data in 67 row and 1st column ashttps://www.guru99.com/photoshop-tutorials.html]]>
            </line>
            <line>
              <![CDATA[Writing data in 68 row and 1st column ashttps://www.guru99.com/bigdata-tutorials.html]]>
            </line>
            <line>
              <![CDATA[Writing data in 69 row and 1st column ashttps://www.guru99.com/free-digital-marketing-tutorial.html]]>
            </line>
            <line>
              <![CDATA[Writing data in 70 row and 1st column ashttps://www.guru99.com/business-analyst-tutorial-course.html]]>
            </line>
            <line>
              <![CDATA[Writing data in 71 row and 1st column ashttps://www.guru99.com/informatica-tutorials.html]]>
            </line>
            <line>
              <![CDATA[Writing data in 72 row and 1st column ashttps://www.guru99.com/project-management-methodology.html]]>
            </line>
            <line>
              <![CDATA[Writing data in 73 row and 1st column ashttps://www.guru99.com/hbase-tutorials.html]]>
            </line>
            <line>
              <![CDATA[Writing data in 74 row and 1st column ashttps://www.guru99.com/mongodb-tutorials.html]]>
            </line>
            <line>
              <![CDATA[Writing data in 75 row and 1st column ashttps://www.guru99.com/hive-tutorials.html]]>
            </line>
            <line>
              <![CDATA[Writing data in 76 row and 1st column ashttps://www.guru99.com/cassandra-tutorial.html]]>
            </line>
            <line>
              <![CDATA[Writing data in 77 row and 1st column ashttps://www.guru99.com/pmp-tutorial.html]]>
            </line>
            <line>
              <![CDATA[Writing data in 78 row and 1st column ashttps://www.guru99.com/mis-tutorial.html]]>
            </line>
            <line>
              <![CDATA[Writing data in 79 row and 1st column ashttps://www.guru99.com/vba-tutorial.html]]>
            </line>
            <line>
              <![CDATA[Writing data in 80 row and 1st column ashttps://www.guru99.com/introduction-ccna.html]]>
            </line>
            <line>
              <![CDATA[Writing data in 81 row and 1st column ashttps://www.guru99.com/aws-tutorial.html]]>
            </line>
            <line>
              <![CDATA[Writing data in 82 row and 1st column ashttps://www.guru99.com/blog/]]>
            </line>
            <line>
              <![CDATA[Excel writing completed]]>
            </line>
          </reporter-output>
        </test-method> <!-- openPage -->
        <test-method status="PASS" signature="endTest()[pri:0, instance:test1.test1.App@720b71]" name="endTest" is-config="true" duration-ms="1070" started-at="2018-08-31T10:22:02Z" finished-at="2018-08-31T10:22:04Z">
          <reporter-output>
            <line>
              <![CDATA[closing browser]]>
            </line>
          </reporter-output>
        </test-method> <!-- endTest -->
      </class> <!-- test1.test1.App -->
    </test> <!-- Default test -->
  </suite> <!-- Default suite -->
</testng-results>
